#100.0
#1
#1

set title 'Flux calculated by radiosity scipt'
plot '-' with lines
 3.60379610e-01
 1.74804148e-01
 8.61365851e-02
 4.53463231e-02
 2.57932457e-02
 1.57440201e-02
 1.01980243e-02
 6.93637025e-03
 4.91114367e-03
 3.59471076e-03
 2.70527863e-03
 2.08429356e-03
 1.63838523e-03
 1.31034204e-03
 1.06387097e-03
 8.75237653e-04
 7.28498358e-04
 6.12684726e-04
 5.20089275e-04
 4.45191896e-04
 3.83970732e-04
 3.33449719e-04
 2.91395391e-04
 2.56109885e-04
 2.26287202e-04
 2.00911836e-04
 1.79186234e-04
 1.60478213e-04
 1.44282360e-04
 1.30191385e-04
 1.17874627e-04
 1.07061767e-04
 9.75303824e-05
 8.90963383e-05
 8.16063253e-05
 7.49320079e-05
 6.89654093e-05
 6.36152444e-05
 5.88039883e-05
 5.44655177e-05
 5.05432033e-05
 4.69883578e-05
 4.37589675e-05
 4.08186495e-05
 3.81357912e-05
 3.56828369e-05
 3.34356933e-05
 3.13732329e-05
 2.94768766e-05
 2.77302429e-05
 2.61188501e-05
 2.46298646e-05
 2.32518861e-05
 2.19747646e-05
 2.07894433e-05
 1.96878231e-05
 1.86626479e-05
 1.77074026e-05
 1.68162273e-05
 1.59838409e-05
 1.52054769e-05
 1.44768240e-05
 1.37939777e-05
 1.31533953e-05
 1.25518583e-05
 1.19864372e-05
 1.14544627e-05
 1.09534985e-05
 1.04813182e-05
 1.00358845e-05
 9.61533044e-06
 9.21794327e-06
 8.84215052e-06
 8.48650490e-06
 8.14967439e-06
 7.83043151e-06
 7.52764379e-06
 7.24026398e-06
 6.96732519e-06
 6.70793162e-06
 6.46125346e-06
 6.22652129e-06
 6.00302059e-06
 5.79008781e-06
 5.58710582e-06
 5.39350009e-06
 5.20873550e-06
 5.03231342e-06
 4.86376797e-06
 4.70266480e-06
 4.54859736e-06
 4.40118640e-06
 4.26007551e-06
 4.12493267e-06
 3.99544479e-06
 3.87131973e-06
 3.75228296e-06
 3.63807578e-06
 3.52845620e-06
 3.42319606e-06
 3.32208117e-06
 3.22490894e-06
 3.13148939e-06
 3.04164280e-06
 2.95520067e-06
 2.87200271e-06
 2.79189817e-06
 2.71474482e-06
 2.64040830e-06
 2.56876069e-06
 2.49968161e-06
 2.43305715e-06
 2.36877952e-06
 2.30674573e-06
 2.24685891e-06
 2.18902733e-06
 2.13316298e-06
 2.07918401e-06
 2.02700960e-06
 1.97656743e-06
 1.92778452e-06
 1.88059369e-06
 1.83493012e-06
 1.79073345e-06
 1.74794434e-06
 1.70650787e-06
 1.66637051e-06
 1.62748177e-06
 1.58979424e-06
 1.55326086e-06
 1.51783831e-06
 1.48348465e-06
 1.45015997e-06
 1.41782607e-06
 1.38644577e-06
 1.35598498e-06
 1.32640957e-06
 1.29768887e-06
 1.26979012e-06
 1.24268672e-06
 1.21634798e-06
 1.19074798e-06
 1.16586352e-06
 1.14166528e-06
 1.11813279e-06
 1.09524285e-06
 1.07297296e-06
 1.05130403e-06
 1.03021284e-06
 1.00968305e-06
 9.89694854e-07
 9.70230531e-07
 9.51273705e-07
 9.32808007e-07
 9.14815701e-07
 8.97283826e-07
 8.80197376e-07
 8.63542027e-07
 8.47303454e-07
 8.31470061e-07
 8.16028887e-07
 8.00966973e-07
 7.86273404e-07
 7.71938630e-07
 7.57948328e-07
 7.44294994e-07
 7.30967031e-07
 7.17956254e-07
 7.05251068e-07
 6.92845333e-07
 6.80728135e-07
 6.68891971e-07
 6.57328656e-07
 6.46030003e-07
 6.34988510e-07
 6.24198719e-07
 6.13650400e-07
 6.03339458e-07
 5.93257028e-07
 5.83399697e-07
 5.73757916e-07
 5.64328275e-07
 5.55103952e-07
 5.46080173e-07
 5.37249434e-07
 5.28609007e-07
 5.20153435e-07
 5.11875896e-07
 5.03774345e-07
 4.95841959e-07
 4.88075329e-07
 4.80470362e-07
 4.73023647e-07
 4.65727680e-07
 4.58581781e-07
 4.51583219e-07
 4.44723810e-07
 4.38003553e-07
 4.31418357e-07
 4.24964128e-07
 4.18638137e-07
 4.12437657e-07
 4.06357231e-07
 4.00396857e-07
 3.94553808e-07
 3.88822627e-07
 3.83200586e-07
 3.77689048e-07
 3.72281193e-07
 3.66975655e-07
 3.61771072e-07
 3.56664714e-07
 3.51653853e-07
 3.46735760e-07
 3.41910436e-07
 3.37172423e-07
 3.32523086e-07
 3.27956968e-07
 3.23476797e-07
 3.19075752e-07
 3.14753834e-07
 3.10511041e-07
 3.06344646e-07
 3.02250555e-07
 2.98230134e-07
 2.94280653e-07
 2.90400749e-07
 2.86587692e-07
 2.82842848e-07
 2.79160759e-07
 2.75545517e-07
 2.71988938e-07
 2.68495114e-07
 2.65059953e-07
 2.61684818e-07
 2.58365617e-07
 2.55102350e-07
 2.51893653e-07
 2.48739525e-07
 2.45635874e-07
 2.42585429e-07
 2.39584097e-07
 2.36634605e-07
 2.33728770e-07
 2.30874775e-07
 2.28064437e-07
 2.25300482e-07
 2.22581548e-07
 2.19904905e-07
 2.17271918e-07
 2.14679858e-07
 2.12130089e-07
 2.09618520e-07
 2.07149242e-07
 2.04716798e-07
 2.02322553e-07
 1.99966507e-07
 1.97644567e-07
 1.95359462e-07
 1.93112555e-07
 1.90894298e-07
 1.88714239e-07
 1.86566922e-07
 1.84449618e-07
 1.82366421e-07
 1.80313236e-07
 1.78291430e-07
 1.76299636e-07
 1.74336492e-07
 1.72403361e-07
 1.70498879e-07
 1.68623046e-07
 1.66773134e-07
 1.64947778e-07
 1.63155164e-07
 1.61384378e-07
 1.59638148e-07
 1.57921932e-07
 1.56224814e-07
 1.54552254e-07
 1.52906978e-07
 1.51283530e-07
 1.49684638e-07
 1.48104846e-07
 1.46546881e-07
 1.45013473e-07
 1.43501893e-07
 1.42009412e-07
 1.40538759e-07
 1.39084477e-07
 1.37654752e-07
 1.36244125e-07
 1.34849870e-07
 1.33477442e-07
 1.32121386e-07
 1.30787157e-07
 1.29466571e-07
 1.28165084e-07
 1.26879968e-07
 1.25616680e-07
