#100.0
#0.1
#1

set title 'flux calculated by radiosity scipt'
plot '-' with lines
 6.80378553e-01
 5.46527892e-01
 4.40998284e-01
 3.58370765e-01
 2.92954602e-01
 2.40612249e-01
 1.98393938e-01
 1.64132624e-01
 1.36192937e-01
 1.13316452e-01
 9.45209785e-02
 7.90317176e-02
 6.62324030e-02
 5.56296156e-02
 4.68261504e-02
 3.95007995e-02
 3.33927994e-02
 2.82897382e-02
 2.40180706e-02
 2.04356237e-02
 1.74256408e-02
 1.48920216e-02
 1.27555026e-02
 1.09505793e-02
 9.42301777e-03
 8.12783632e-03
 7.02766441e-03
 6.09140419e-03
 5.29313690e-03
 4.61122715e-03
 4.02758793e-03
 3.52707626e-03
 3.09699551e-03
 2.72668482e-03
 2.40717983e-03
 2.13093190e-03
 1.89157549e-03
 1.68373499e-03
 1.50286429e-03
 1.34511321e-03
 1.20721622e-03
 1.08639961e-03
 9.80303892e-04
 8.86918973e-04
 8.04529793e-04
 7.31670785e-04
 6.67087630e-04
 6.09705120e-04
 5.58600105e-04
 5.12978707e-04
 4.72157096e-04
 4.35545257e-04
 4.02633258e-04
 3.72979632e-04
 3.46201518e-04
 3.21966308e-04
 2.99984533e-04
 2.80003824e-04
 2.61803757e-04
 2.45191460e-04
 2.29997864e-04
 2.16074488e-04
 2.03290694e-04
 1.91531328e-04
 1.80694698e-04
 1.70690831e-04
 1.61439975e-04
 1.52871308e-04
 1.44921820e-04
 1.37535349e-04
 1.30661745e-04
 1.24256144e-04
 1.18278340e-04
 1.12692237e-04
 1.07465368e-04
 1.02568486e-04
 9.79751939e-05
 9.36616277e-05
 8.96061788e-05
 8.57892477e-05
 8.21930288e-05
 7.88013207e-05
 7.55993590e-05
 7.25736684e-05
 6.97119321e-05
 6.70028754e-05
 6.44361635e-05
 6.20023101e-05
 5.96925954e-05
 5.74989943e-05
 5.54141110e-05
 5.34311222e-05
 5.15437236e-05
 4.97460850e-05
 4.80328075e-05
 4.63988864e-05
 4.48396776e-05
 4.33508662e-05
 4.19284400e-05
 4.05686639e-05
 3.92680580e-05
 3.80233761e-05
 3.68315881e-05
 3.56898627e-05
 3.45955523e-05
 3.35461784e-05
 3.25394196e-05
 3.15730995e-05
 3.06451762e-05
 2.97537321e-05
 2.88969657e-05
 2.80731827e-05
 2.72807889e-05
 2.65182832e-05
 2.57842510e-05
 2.50773585e-05
 2.43963471e-05
 2.37400293e-05
 2.31072820e-05
 2.24970451e-05
 2.19083149e-05
 2.13401418e-05
 2.07916270e-05
 2.02619190e-05
 1.97502101e-05
 1.92557352e-05
 1.87777677e-05
 1.83156179e-05
 1.78686313e-05
 1.74361852e-05
 1.70176881e-05
 1.66125773e-05
 1.62203176e-05
 1.58403992e-05
 1.54723365e-05
 1.51156674e-05
 1.47699507e-05
 1.44347666e-05
 1.41097135e-05
 1.37944096e-05
 1.34884888e-05
 1.31916024e-05
 1.29034181e-05
 1.26236159e-05
 1.23518919e-05
 1.20879552e-05
 1.18315266e-05
 1.15823401e-05
 1.13401391e-05
 1.11046803e-05
 1.08757287e-05
 1.06530599e-05
 1.04364591e-05
 1.02257198e-05
 1.00206430e-05
 9.82104000e-06
 9.62672815e-06
 9.43753218e-06
 9.25328397e-06
 9.07382230e-06
 8.89899189e-06
 8.72864340e-06
 8.56263356e-06
 8.40082516e-06
 8.24308445e-06
 8.08928439e-06
 7.93930207e-06
 7.79301959e-06
 7.65032222e-06
 7.51110148e-06
 7.37525096e-06
 7.24266902e-06
 7.11325764e-06
 6.98692204e-06
 6.86357101e-06
 6.74311736e-06
 6.62547512e-06
 6.51056322e-06
 6.39830195e-06
 6.28861602e-06
 6.18143062e-06
 6.07667543e-06
 5.97428146e-06
 5.87418256e-06
 5.77631382e-06
 5.68061404e-06
 5.58702329e-06
 5.49548290e-06
 5.40593771e-06
 5.31833278e-06
 5.23261596e-06
 5.14873664e-06
 5.06664601e-06
 4.98629522e-06
 4.90763923e-06
 4.83063409e-06
 4.75523499e-06
 4.68140118e-06
 4.60909209e-06
 4.53826821e-06
 4.46889163e-06
 4.40092563e-06
 4.33433358e-06
 4.26908181e-06
 4.20513696e-06
 4.14246543e-06
 4.08103537e-06
 4.02081754e-06
 3.96178081e-06
 3.90389629e-06
 3.84713701e-06
 3.79147466e-06
 3.73688321e-06
 3.68333691e-06
 3.63081106e-06
 3.57928054e-06
 3.52872299e-06
 3.47911411e-06
 3.43043341e-06
 3.38265768e-06
 3.33576616e-06
 3.28973926e-06
 3.24455691e-06
 3.20019869e-06
 3.15664680e-06
 3.11388266e-06
 3.07188847e-06
 3.03064631e-06
 2.99014101e-06
 2.95035371e-06
 2.91127092e-06
 2.87287493e-06
 2.83515171e-06
 2.79808603e-06
 2.76166453e-06
 2.72587205e-06
 2.69069482e-06
 2.65612029e-06
 2.62213526e-06
 2.58872590e-06
 2.55588154e-06
 2.52358884e-06
 2.49183722e-06
 2.46061281e-06
 2.42990707e-06
 2.39970722e-06
 2.37000278e-06
 2.34078344e-06
 2.31203820e-06
 2.28375715e-06
 2.25592978e-06
 2.22854696e-06
 2.20159757e-06
 2.17507369e-06
 2.14896417e-06
 2.12325983e-06
 2.09795138e-06
 2.07302779e-06
 2.04848104e-06
 2.02430116e-06
 2.00047527e-06
 1.97699707e-06
 1.95385289e-06
 1.93103128e-06
 1.90852208e-06
 1.88631069e-06
 1.86438440e-06
 1.84272820e-06
 1.82132491e-06
 1.80015725e-06
 1.77920472e-06
 1.75844416e-06
 1.73784846e-06
 1.71738691e-06
 1.69702763e-06
 1.67672641e-06
 1.65643596e-06
 1.63610188e-06
 1.61565321e-06
 1.59501302e-06
 1.57408508e-06
 1.55275417e-06
 1.53088291e-06
 1.50830077e-06
 1.48480431e-06
 1.46014828e-06
 1.43402638e-06
 1.40606366e-06
 1.37580021e-06
 1.34266055e-06
 1.30593267e-06
 1.26471691e-06
 1.21787221e-06
 1.16393980e-06
 1.10101833e-06
 1.02658825e-06
 9.37207920e-07
 8.28046024e-07
 6.92443259e-07
 5.24140998e-07
