# AR 25.0
# Sticking 0.8
# Sticking at the bottom 1

set title 'Flux calculated by radiosity scipt'
plot '-' with lines
4.89803723e-01
4.19596373e-01
3.57978545e-01
3.04574577e-01
2.58776886e-01
2.19830245e-01
1.86913500e-01
1.59206474e-01
1.35936832e-01
1.16407477e-01
1.00008284e-01
8.62169411e-02
7.45932380e-02
6.47700805e-02
5.64434325e-02
4.93624822e-02
4.33207057e-02
3.81480914e-02
3.37045636e-02
2.98745171e-02
2.65623283e-02
2.36886942e-02
2.11876579e-02
1.90041975e-02
1.70922712e-02
1.54132314e-02
1.39345363e-02
1.26287010e-02
1.14724412e-02
1.04459722e-02
9.53243428e-03
8.71741927e-03
7.98857972e-03
7.33530562e-03
6.74845574e-03
6.22013406e-03
5.74350300e-03
5.31262704e-03
4.92234143e-03
4.56814163e-03
4.24609001e-03
3.95273689e-03
3.68505354e-03
3.44037518e-03
3.21635251e-03
3.01091011e-03
2.82221098e-03
2.64862601e-03
2.48870777e-03
2.34116791e-03
2.20485759e-03
2.07875065e-03
1.96192891e-03
1.85356945e-03
1.75293353e-03
1.65935692e-03
1.57224149e-03
1.49104775e-03
1.41528846e-03
1.34452287e-03
1.27835174e-03
1.21641293e-03
1.15837752e-03
1.10394634e-03
1.05284694e-03
1.00483090e-03
9.59671410e-04
9.17161152e-04
8.77110396e-04
8.39345304e-04
8.03706425e-04
7.70047334e-04
7.38233426e-04
7.08140830e-04
6.79655433e-04
6.52672004e-04
6.27093409e-04
6.02829896e-04
5.79798457e-04
5.57922250e-04
5.37130074e-04
5.17355896e-04
4.98538424e-04
4.80620716e-04
4.63549825e-04
4.47276481e-04
4.31754798e-04
4.16942006e-04
4.02798210e-04
3.89286166e-04
3.76371082e-04
3.64020431e-04
3.52203783e-04
3.40892647e-04
3.30060331e-04
3.19681813e-04
3.09733616e-04
3.00193705e-04
2.91041379e-04
2.82257182e-04
2.73822813e-04
2.65721054e-04
2.57935687e-04
2.50451434e-04
2.43253893e-04
2.36329477e-04
2.29665365e-04
2.23249449e-04
2.17070290e-04
2.11117074e-04
2.05379576e-04
1.99848117e-04
1.94513537e-04
1.89367159e-04
1.84400758e-04
1.79606539e-04
1.74977107e-04
1.70505445e-04
1.66184891e-04
1.62009117e-04
1.57972110e-04
1.54068156e-04
1.50291819e-04
1.46637926e-04
1.43101556e-04
1.39678023e-04
1.36362861e-04
1.33151817e-04
1.30040834e-04
1.27026047e-04
1.24103765e-04
1.21270467e-04
1.18522792e-04
1.15857529e-04
1.13271611e-04
1.10762108e-04
1.08326217e-04
1.05961258e-04
1.03664669e-04
1.01433995e-04
9.92668883e-05
9.71611005e-05
9.51144775e-05
9.31249557e-05
9.11905571e-05
8.93093852e-05
8.74796215e-05
8.56995217e-05
8.39674116e-05
8.22816846e-05
8.06407980e-05
7.90432705e-05
7.74876789e-05
7.59726559e-05
7.44968871e-05
7.30591093e-05
7.16581073e-05
7.02927123e-05
6.89618005e-05
6.76642890e-05
6.63991372e-05
6.51653417e-05
6.39619368e-05
6.27879925e-05
6.16426124e-05
6.05249328e-05
5.94341209e-05
5.83693740e-05
5.73299182e-05
5.63150067e-05
5.53239187e-05
5.43559596e-05
5.34104582e-05
5.24867664e-05
5.15842594e-05
5.07023329e-05
4.98404033e-05
4.89979067e-05
4.81742984e-05
4.73690525e-05
4.65816591e-05
4.58116262e-05
4.50584782e-05
4.43217541e-05
4.36010090e-05
4.28958115e-05
4.22057448e-05
4.15304046e-05
4.08694007e-05
4.02223539e-05
3.95888983e-05
3.89686779e-05
3.83613493e-05
3.77665790e-05
3.71840439e-05
3.66134313e-05
3.60544368e-05
3.55067666e-05
3.49701350e-05
3.44442653e-05
3.39288894e-05
3.34237455e-05
3.29285821e-05
3.24431528e-05
3.19672202e-05
3.15005523e-05
3.10429254e-05
3.05941209e-05
3.01539272e-05
2.97221386e-05
2.92985558e-05
2.88829836e-05
2.84752343e-05
2.80751240e-05
2.76824749e-05
2.72971132e-05
2.69188707e-05
2.65475835e-05
2.61830924e-05
2.58252421e-05
2.54738817e-05
2.51288652e-05
2.47900494e-05
2.44572950e-05
2.41304673e-05
2.38094343e-05
2.34940681e-05
2.31842434e-05
2.28798392e-05
2.25807369e-05
2.22868206e-05
2.19979787e-05
2.17141014e-05
2.14350817e-05
2.11608156e-05
2.08912029e-05
2.06261422e-05
2.03655393e-05
2.01092992e-05
1.98573302e-05
1.96095429e-05
1.93658492e-05
1.91261652e-05
1.88904058e-05
1.86584912e-05
1.84303406e-05
1.82058777e-05
1.79850247e-05
1.77677091e-05
1.75538573e-05
1.73433979e-05
1.71362617e-05
1.69323801e-05
1.67316862e-05
1.65341141e-05
1.63395990e-05
1.61480778e-05
1.59594869e-05
1.57737657e-05
1.55908521e-05
1.54106862e-05
1.52332075e-05
1.50583570e-05
1.48860747e-05
1.47163010e-05
1.45489755e-05
1.43840384e-05
1.42214272e-05
1.40610799e-05
1.39029313e-05
1.37469146e-05
1.35929595e-05
1.34409928e-05
1.32909358e-05
1.31427048e-05
1.29962076e-05
1.28513445e-05
1.27080047e-05
1.25660624e-05
1.24253789e-05
1.22857900e-05
1.21471125e-05
1.20091267e-05
1.18715799e-05
1.17341687e-05
1.15965371e-05
1.14582545e-05
1.13188086e-05
1.11775852e-05
1.10338456e-05
1.08867155e-05
1.07351610e-05
1.05779821e-05
1.04138142e-05
1.02411572e-05
1.00584264e-05
9.86405197e-06
9.65661354e-06
9.43500181e-06
9.19858759e-06
