#25.0
#0.1
#1

set title 'Flux calculated by radiosity scipt'
plot '-' with lines
7.39441484e-01
7.00075396e-01
6.62249439e-01
6.26209294e-01
5.92086141e-01
5.59918106e-01
5.29675303e-01
5.01283404e-01
4.74642862e-01
4.49642915e-01
4.26170825e-01
4.04117390e-01
3.83379836e-01
3.63863031e-01
3.45479706e-01
3.28150148e-01
3.11801636e-01
2.96367797e-01
2.81787960e-01
2.68006551e-01
2.54972550e-01
2.42639014e-01
2.30962649e-01
2.19903443e-01
2.09424348e-01
1.99490992e-01
1.90071437e-01
1.81135956e-01
1.72656844e-01
1.64608245e-01
1.56965999e-01
1.49707509e-01
1.42811613e-01
1.36258478e-01
1.30029499e-01
1.24107209e-01
1.18475196e-01
1.13118027e-01
1.08021185e-01
1.03171000e-01
9.85545960e-02
9.41598371e-02
8.99752784e-02
8.59901223e-02
8.21941763e-02
7.85778155e-02
7.51319469e-02
7.18479768e-02
6.87177799e-02
6.57336714e-02
6.28883806e-02
6.01750261e-02
5.75870930e-02
5.51184115e-02
5.27631372e-02
5.05157318e-02
4.83709463e-02
4.63238043e-02
4.43695865e-02
4.25038168e-02
4.07222482e-02
3.90208508e-02
3.73957994e-02
3.58434626e-02
3.43603919e-02
3.29433125e-02
3.15891132e-02
3.02948383e-02
2.90576789e-02
2.78749653e-02
2.67441598e-02
2.56628493e-02
2.46287393e-02
2.36396476e-02
2.26934983e-02
2.17883164e-02
2.09222226e-02
2.00934286e-02
1.93002322e-02
1.85410128e-02
1.78142277e-02
1.71184079e-02
1.64521544e-02
1.58141345e-02
1.52030791e-02
1.46177786e-02
1.40570809e-02
1.35198879e-02
1.30051530e-02
1.25118787e-02
1.20391139e-02
1.15859521e-02
1.11515287e-02
1.07350193e-02
1.03356374e-02
9.95263317e-03
9.58529103e-03
9.23292835e-03
8.89489378e-03
8.57056576e-03
8.25935107e-03
7.96068351e-03
7.67402259e-03
7.39885230e-03
7.13467999e-03
6.88103521e-03
6.63746871e-03
6.40355141e-03
6.17887348e-03
5.96304341e-03
5.75568716e-03
5.55644736e-03
5.36498252e-03
5.18096629e-03
5.00408678e-03
4.83404584e-03
4.67055849e-03
4.51335228e-03
4.36216670e-03
4.21675266e-03
4.07687195e-03
3.94229674e-03
3.81280915e-03
3.68820071e-03
3.56827202e-03
3.45283229e-03
3.34169897e-03
3.23469737e-03
3.13166029e-03
3.03242772e-03
2.93684649e-03
2.84476998e-03
2.75605780e-03
2.67057553e-03
2.58819448e-03
2.50879139e-03
2.43224819e-03
2.35845182e-03
2.28729397e-03
2.21867086e-03
2.15248308e-03
2.08863535e-03
2.02703639e-03
1.96759870e-03
1.91023842e-03
1.85487518e-03
1.80143191e-03
1.74983473e-03
1.70001281e-03
1.65189821e-03
1.60542579e-03
1.56053307e-03
1.51716011e-03
1.47524944e-03
1.43474588e-03
1.39559653e-03
1.35775059e-03
1.32115934e-03
1.28577601e-03
1.25155569e-03
1.21845531e-03
1.18643348e-03
1.15545048e-03
1.12546817e-03
1.09644992e-03
1.06836055e-03
1.04116627e-03
1.01483462e-03
9.89334418e-04
9.64635704e-04
9.40709687e-04
9.17528701e-04
8.95066155e-04
8.73296491e-04
8.52195138e-04
8.31738478e-04
8.11903797e-04
7.92669257e-04
7.74013854e-04
7.55917389e-04
7.38360430e-04
7.21324284e-04
7.04790965e-04
6.88743169e-04
6.73164240e-04
6.58038152e-04
6.43349475e-04
6.29083358e-04
6.15225500e-04
6.01762134e-04
5.88679999e-04
5.75966326e-04
5.63608813e-04
5.51595610e-04
5.39915300e-04
5.28556880e-04
5.17509748e-04
5.06763683e-04
4.96308834e-04
4.86135703e-04
4.76235130e-04
4.66598282e-04
4.57216641e-04
4.48081987e-04
4.39186390e-04
4.30522198e-04
4.22082026e-04
4.13858744e-04
4.05845469e-04
3.98035555e-04
3.90422582e-04
3.83000347e-04
3.75762861e-04
3.68704331e-04
3.61819160e-04
3.55101937e-04
3.48547429e-04
3.42150573e-04
3.35906470e-04
3.29810382e-04
3.23857718e-04
3.18044036e-04
3.12365030e-04
3.06816531e-04
3.01394494e-04
2.96095001e-04
2.90914247e-04
2.85848544e-04
2.80894307e-04
2.76048059e-04
2.71306416e-04
2.66666091e-04
2.62123886e-04
2.57676689e-04
2.53321467e-04
2.49055267e-04
2.44875206e-04
2.40778472e-04
2.36762320e-04
2.32824063e-04
2.28961076e-04
2.25170786e-04
2.21450672e-04
2.17798259e-04
2.14211117e-04
2.10686855e-04
2.07223121e-04
2.03817592e-04
2.00467978e-04
1.97172013e-04
1.93927454e-04
1.90732076e-04
1.87583668e-04
1.84480031e-04
1.81418971e-04
1.78398298e-04
1.75415821e-04
1.72469340e-04
1.69556647e-04
1.66675517e-04
1.63823706e-04
1.60998941e-04
1.58198921e-04
1.55421305e-04
1.52663708e-04
1.49923696e-04
1.47198776e-04
1.44486388e-04
1.41783897e-04
1.39088586e-04
1.36397643e-04
1.33708148e-04
1.31017066e-04
1.28321230e-04
1.25617325e-04
1.22901874e-04
1.20171215e-04
1.17421483e-04
1.14648584e-04
1.11848169e-04
1.09015597e-04
1.06145906e-04
1.03233765e-04
1.00273434e-04
9.72587017e-05
9.41828344e-05
9.10385076e-05
8.78177473e-05
8.45118763e-05
8.11114876e-05
7.76064793e-05
7.39861887e-05
7.02397065e-05
6.63564648e-05
6.23272160e-05
5.81455017e-05
5.38096643e-05
4.93252946e-05
4.47078051e-05
3.99845940e-05
